
Showing logs for build [32mcb-kubecd-bdd-spring-1588818484-rk8kj-1[0m stage [32mfrom-build-pack[0m and container [32mstep-credential-initializer-j8mvx[0m
{"level":"info","ts":1588819425.3889163,"logger":"fallback-logger","caller":"logging/config.go:69","msg":"Fetch GitHub commit ID from kodata failed: open /var/run/ko/refs/heads/0.8.0-ns-support: no such file or directory"}
{"level":"info","ts":1588819425.3894498,"logger":"fallback-logger","caller":"creds-init/main.go:40","msg":"Credentials initialized."}

Showing logs for build [32mcb-kubecd-bdd-spring-1588818484-rk8kj-1[0m stage [32mfrom-build-pack[0m and container [32mstep-working-dir-initializer-lkgl2[0m
{"level":"info","ts":1588819426.769117,"logger":"fallback-logger","caller":"logging/config.go:69","msg":"Fetch GitHub commit ID from kodata failed: open /var/run/ko/HEAD: no such file or directory"}
{"level":"info","ts":1588819426.7707057,"logger":"fallback-logger","caller":"bash/main.go:64","msg":"Successfully executed command \"sh -c mkdir -p /workspace/source\"; output "}

Showing logs for build [32mcb-kubecd-bdd-spring-1588818484-rk8kj-1[0m stage [32mfrom-build-pack[0m and container [32mstep-place-tools[0m

Showing logs for build [32mcb-kubecd-bdd-spring-1588818484-rk8kj-1[0m stage [32mfrom-build-pack[0m and container [32mstep-git-source-cb-kubecd-bdd-spring-1588818484-rk8kj-n6stj[0m
{"level":"info","ts":1588819436.8321593,"logger":"fallback-logger","caller":"logging/config.go:69","msg":"Fetch GitHub commit ID from kodata failed: open /var/run/ko/refs/heads/0.8.0-ns-support: no such file or directory"}
{"level":"info","ts":1588819438.0303187,"logger":"fallback-logger","caller":"git/git.go:103","msg":"Successfully cloned https://github.com/cb-kubecd/bdd-spring-1588818484.git @ master in path /workspace/source"}

Showing logs for build [32mcb-kubecd-bdd-spring-1588818484-rk8kj-1[0m stage [32mfrom-build-pack[0m and container [32mstep-git-merge[0m
Using SHAs from PULL_REFS=master:058faecd075e0abdc5c347b7993ca948884d1a7c,1:40098d86c95506f5ca7408f96788b95751a87142
DEBUG: LC_ALL=C JX_LOG_LEVEL=error git fetch origin --unshallow 40098d86c95506f5ca7408f96788b95751a87142: 058faecd075e0abdc5c347b7993ca948884d1a7c:
DEBUG: ran git fetch --unshallow origin 40098d86c95506f5ca7408f96788b95751a87142: 058faecd075e0abdc5c347b7993ca948884d1a7c: in 
DEBUG: LC_ALL=C JX_LOG_LEVEL=error git branch
DEBUG: LC_ALL=C JX_LOG_LEVEL=error git checkout master
DEBUG: ran git checkout master in 
DEBUG: LC_ALL=C JX_LOG_LEVEL=error git reset --hard 058faecd075e0abdc5c347b7993ca948884d1a7c
DEBUG: ran git reset --hard 058faecd075e0abdc5c347b7993ca948884d1a7c in 
DEBUG: LC_ALL=C JX_LOG_LEVEL=error git clean -fd .
DEBUG: ran clean --force -d . in 
DEBUG: LC_ALL=C JX_LOG_LEVEL=error git merge 40098d86c95506f5ca7408f96788b95751a87142
DEBUG: ran git merge 40098d86c95506f5ca7408f96788b95751a87142 in 
DEBUG: LC_ALL=C JX_LOG_LEVEL=error git log --format=%H%x1f%an%x1f%ae%x1f%cn%x1f%ce%x1f%s%n%b%x1e 058faecd075e0abdc5c347b7993ca948884d1a7c..HEAD
Merged SHA 40098d86c95506f5ca7408f96788b95751a87142 with commit message 'My first PR commit' into base branch master

Showing logs for build [32mcb-kubecd-bdd-spring-1588818484-rk8kj-1[0m stage [32mfrom-build-pack[0m and container [32mstep-build-set-version[0m
Picked up _JAVA_OPTIONS: -XX:+UnlockExperimentalVMOptions -XX:+UseCGroupMemoryLimitForHeap -Dsun.zip.disableMemoryMapping=true -XX:+UseParallelGC -XX:MinHeapFreeRatio=5 -XX:MaxHeapFreeRatio=10 -XX:GCTimeRatio=4 -XX:AdaptiveSizePolicyWeight=90 -Xms10m -Xmx192m
OpenJDK 64-Bit Server VM warning: If the number of processors is expected to increase from one, then you should configure the number of parallel GC threads appropriately using -XX:ParallelGCThreads=N
[INFO] Scanning for projects...
[INFO] 
[INFO] -----------------< com.example:bdd-spring-1588818484 >------------------
[INFO] Building demo 0.0.1-SNAPSHOT
[INFO] --------------------------------[ jar ]---------------------------------
[INFO] 
[INFO] --- versions-maven-plugin:2.7:set (default-cli) @ bdd-spring-1588818484 ---
[INFO] Searching for local aggregator root...
[INFO] Local aggregation root: /workspace/source
[INFO] Processing change of com.example:bdd-spring-1588818484:0.0.1-SNAPSHOT -> 0.0.0-SNAPSHOT-PR-1-1
[INFO] Processing com.example:bdd-spring-1588818484
[INFO]     Updating project com.example:bdd-spring-1588818484
[INFO]         from version 0.0.1-SNAPSHOT to 0.0.0-SNAPSHOT-PR-1-1
[INFO] 
[INFO] ------------------------------------------------------------------------
[INFO] BUILD SUCCESS
[INFO] ------------------------------------------------------------------------
[INFO] Total time:  14.513 s
[INFO] Finished at: 2020-05-07T02:44:18Z
[INFO] ------------------------------------------------------------------------

Showing logs for build [32mcb-kubecd-bdd-spring-1588818484-rk8kj-1[0m stage [32mfrom-build-pack[0m and container [32mstep-build-mvn-install[0m
Picked up _JAVA_OPTIONS: -XX:+UnlockExperimentalVMOptions -XX:+UseCGroupMemoryLimitForHeap -Dsun.zip.disableMemoryMapping=true -XX:+UseParallelGC -XX:MinHeapFreeRatio=5 -XX:MaxHeapFreeRatio=10 -XX:GCTimeRatio=4 -XX:AdaptiveSizePolicyWeight=90 -Xms10m -Xmx192m
OpenJDK 64-Bit Server VM warning: If the number of processors is expected to increase from one, then you should configure the number of parallel GC threads appropriately using -XX:ParallelGCThreads=N
[INFO] Scanning for projects...
[INFO] 
[INFO] -----------------< com.example:bdd-spring-1588818484 >------------------
[INFO] Building demo 0.0.0-SNAPSHOT-PR-1-1
[INFO] --------------------------------[ jar ]---------------------------------
[INFO] 
[INFO] --- maven-resources-plugin:3.1.0:resources (default-resources) @ bdd-spring-1588818484 ---
[INFO] Using 'UTF-8' encoding to copy filtered resources.
[INFO] Copying 1 resource
[INFO] Copying 0 resource
[INFO] 
[INFO] --- maven-compiler-plugin:3.8.1:compile (default-compile) @ bdd-spring-1588818484 ---
[INFO] Changes detected - recompiling the module!
[INFO] Compiling 1 source file to /workspace/source/target/classes
[INFO] 
[INFO] --- maven-resources-plugin:3.1.0:testResources (default-testResources) @ bdd-spring-1588818484 ---
[INFO] Using 'UTF-8' encoding to copy filtered resources.
[INFO] skip non existing resourceDirectory /workspace/source/src/test/resources
[INFO] 
[INFO] --- maven-compiler-plugin:3.8.1:testCompile (default-testCompile) @ bdd-spring-1588818484 ---
[INFO] Changes detected - recompiling the module!
[INFO] Compiling 1 source file to /workspace/source/target/test-classes
[INFO] 
[INFO] --- maven-surefire-plugin:3.0.0-M1:test (default-test) @ bdd-spring-1588818484 ---
[INFO] 
[INFO] -------------------------------------------------------
[INFO]  T E S T S
[INFO] -------------------------------------------------------
[INFO] Running com.example.bddspring1588818484.DemoApplicationTests
02:44:39.000 [main] DEBUG org.springframework.test.context.BootstrapUtils - Instantiating CacheAwareContextLoaderDelegate from class [org.springframework.test.context.cache.DefaultCacheAwareContextLoaderDelegate]
02:44:39.038 [main] DEBUG org.springframework.test.context.BootstrapUtils - Instantiating BootstrapContext using constructor [public org.springframework.test.context.support.DefaultBootstrapContext(java.lang.Class,org.springframework.test.context.CacheAwareContextLoaderDelegate)]
02:44:39.149 [main] DEBUG org.springframework.test.context.BootstrapUtils - Instantiating TestContextBootstrapper for test class [com.example.bddspring1588818484.DemoApplicationTests] from class [org.springframework.boot.test.context.SpringBootTestContextBootstrapper]
02:44:39.232 [main] INFO org.springframework.boot.test.context.SpringBootTestContextBootstrapper - Neither @ContextConfiguration nor @ContextHierarchy found for test class [com.example.bddspring1588818484.DemoApplicationTests], using SpringBootContextLoader
02:44:39.240 [main] DEBUG org.springframework.test.context.support.AbstractContextLoader - Did not detect default resource location for test class [com.example.bddspring1588818484.DemoApplicationTests]: class path resource [com/example/bddspring1588818484/DemoApplicationTests-context.xml] does not exist
02:44:39.241 [main] DEBUG org.springframework.test.context.support.AbstractContextLoader - Did not detect default resource location for test class [com.example.bddspring1588818484.DemoApplicationTests]: class path resource [com/example/bddspring1588818484/DemoApplicationTestsContext.groovy] does not exist
02:44:39.241 [main] INFO org.springframework.test.context.support.AbstractContextLoader - Could not detect default resource locations for test class [com.example.bddspring1588818484.DemoApplicationTests]: no resource found for suffixes {-context.xml, Context.groovy}.
02:44:39.242 [main] INFO org.springframework.test.context.support.AnnotationConfigContextLoaderUtils - Could not detect default configuration classes for test class [com.example.bddspring1588818484.DemoApplicationTests]: DemoApplicationTests does not declare any static, non-private, non-final, nested classes annotated with @Configuration.
02:44:39.392 [main] DEBUG org.springframework.test.context.support.ActiveProfilesUtils - Could not find an 'annotation declaring class' for annotation type [org.springframework.test.context.ActiveProfiles] and class [com.example.bddspring1588818484.DemoApplicationTests]
02:44:39.523 [main] DEBUG org.springframework.context.annotation.ClassPathScanningCandidateComponentProvider - Identified candidate component class: file [/workspace/source/target/classes/com/example/bddspring1588818484/DemoApplication.class]
02:44:39.533 [main] INFO org.springframework.boot.test.context.SpringBootTestContextBootstrapper - Found @SpringBootConfiguration com.example.bddspring1588818484.DemoApplication for test class com.example.bddspring1588818484.DemoApplicationTests
02:44:39.799 [main] DEBUG org.springframework.boot.test.context.SpringBootTestContextBootstrapper - @TestExecutionListeners is not present for class [com.example.bddspring1588818484.DemoApplicationTests]: using defaults.
02:44:39.800 [main] INFO org.springframework.boot.test.context.SpringBootTestContextBootstrapper - Loaded default TestExecutionListener class names from location [META-INF/spring.factories]: [org.springframework.boot.test.mock.mockito.MockitoTestExecutionListener, org.springframework.boot.test.mock.mockito.ResetMocksTestExecutionListener, org.springframework.boot.test.autoconfigure.restdocs.RestDocsTestExecutionListener, org.springframework.boot.test.autoconfigure.web.client.MockRestServiceServerResetTestExecutionListener, org.springframework.boot.test.autoconfigure.web.servlet.MockMvcPrintOnlyOnFailureTestExecutionListener, org.springframework.boot.test.autoconfigure.web.servlet.WebDriverTestExecutionListener, org.springframework.test.context.web.ServletTestExecutionListener, org.springframework.test.context.support.DirtiesContextBeforeModesTestExecutionListener, org.springframework.test.context.support.DependencyInjectionTestExecutionListener, org.springframework.test.context.support.DirtiesContextTestExecutionListener, org.springframework.test.context.transaction.TransactionalTestExecutionListener, org.springframework.test.context.jdbc.SqlScriptsTestExecutionListener, org.springframework.test.context.event.EventPublishingTestExecutionListener]
02:44:39.817 [main] DEBUG org.springframework.boot.test.context.SpringBootTestContextBootstrapper - Skipping candidate TestExecutionListener [org.springframework.test.context.transaction.TransactionalTestExecutionListener] due to a missing dependency. Specify custom listener classes or make the default listener classes and their required dependencies available. Offending class: [org/springframework/transaction/TransactionDefinition]
02:44:39.818 [main] DEBUG org.springframework.boot.test.context.SpringBootTestContextBootstrapper - Skipping candidate TestExecutionListener [org.springframework.test.context.jdbc.SqlScriptsTestExecutionListener] due to a missing dependency. Specify custom listener classes or make the default listener classes and their required dependencies available. Offending class: [org/springframework/transaction/interceptor/TransactionAttribute]
02:44:39.818 [main] INFO org.springframework.boot.test.context.SpringBootTestContextBootstrapper - Using TestExecutionListeners: [org.springframework.test.context.web.ServletTestExecutionListener@2fb3536e, org.springframework.test.context.support.DirtiesContextBeforeModesTestExecutionListener@169e6180, org.springframework.boot.test.mock.mockito.MockitoTestExecutionListener@35aea049, org.springframework.boot.test.autoconfigure.SpringBootDependencyInjectionTestExecutionListener@7205765b, org.springframework.test.context.support.DirtiesContextTestExecutionListener@47987356, org.springframework.test.context.event.EventPublishingTestExecutionListener@22ef9844, org.springframework.boot.test.mock.mockito.ResetMocksTestExecutionListener@6283d8b8, org.springframework.boot.test.autoconfigure.restdocs.RestDocsTestExecutionListener@3b6ddd1d, org.springframework.boot.test.autoconfigure.web.client.MockRestServiceServerResetTestExecutionListener@3f6b0be5, org.springframework.boot.test.autoconfigure.web.servlet.MockMvcPrintOnlyOnFailureTestExecutionListener@611889f4, org.springframework.boot.test.autoconfigure.web.servlet.WebDriverTestExecutionListener@1da2cb77]
02:44:39.823 [main] DEBUG org.springframework.test.context.support.AbstractDirtiesContextTestExecutionListener - Before test class: context [DefaultTestContext@4fb3ee4e testClass = DemoApplicationTests, testInstance = [null], testMethod = [null], testException = [null], mergedContextConfiguration = [WebMergedContextConfiguration@5d7148e2 testClass = DemoApplicationTests, locations = '{}', classes = '{class com.example.bddspring1588818484.DemoApplication}', contextInitializerClasses = '[]', activeProfiles = '{}', propertySourceLocations = '{}', propertySourceProperties = '{org.springframework.boot.test.context.SpringBootTestContextBootstrapper=true}', contextCustomizers = set[org.springframework.boot.test.context.filter.ExcludeFilterContextCustomizer@7ee955a8, org.springframework.boot.test.json.DuplicateJsonObjectContextCustomizerFactory$DuplicateJsonObjectContextCustomizer@6ac13091, org.springframework.boot.test.mock.mockito.MockitoContextCustomizer@0, org.springframework.boot.test.web.client.TestRestTemplateContextCustomizer@4b14c583, org.springframework.boot.test.autoconfigure.properties.PropertyMappingContextCustomizer@0, org.springframework.boot.test.autoconfigure.web.servlet.WebDriverContextCustomizerFactory$Customizer@1d119efb], resourceBasePath = 'src/main/webapp', contextLoader = 'org.springframework.boot.test.context.SpringBootContextLoader', parent = [null]], attributes = map['org.springframework.test.context.web.ServletTestExecutionListener.activateListener' -> true]], class annotated with @DirtiesContext [false] with mode [null].
02:44:39.991 [main] DEBUG org.springframework.test.context.support.TestPropertySourceUtils - Adding inlined properties to environment: {spring.jmx.enabled=false, org.springframework.boot.test.context.SpringBootTestContextBootstrapper=true, server.port=-1}

  .   ____          _            __ _ _
 /\\ / ___'_ __ _ _(_)_ __  __ _ \ \ \ \
( ( )\___ | '_ | '_| | '_ \/ _` | \ \ \ \
 \\/  ___)| |_)| | | | | || (_| |  ) ) ) )
  '  |____| .__|_| |_|_| |_\__, | / / / /
 =========|_|==============|___/=/_/_/_/
 :: Spring Boot ::        (v2.2.6.RELEASE)

2020-05-07 02:44:40.729  INFO 62 --- [           main] c.e.b.DemoApplicationTests               : Starting DemoApplicationTests on cb-kubecd-bdd-spring-1588818484-rk8kj-1-from-build-pack-fn8mj-p with PID 62 (started by root in /workspace/source)
2020-05-07 02:44:40.734  INFO 62 --- [           main] c.e.b.DemoApplicationTests               : No active profile set, falling back to default profiles: default
2020-05-07 02:44:47.934  INFO 62 --- [           main] o.s.s.concurrent.ThreadPoolTaskExecutor  : Initializing ExecutorService 'applicationTaskExecutor'
2020-05-07 02:44:49.811  INFO 62 --- [           main] o.s.b.a.e.web.EndpointLinksResolver      : Exposing 2 endpoint(s) beneath base path '/actuator'
2020-05-07 02:44:50.006  INFO 62 --- [           main] c.e.b.DemoApplicationTests               : Started DemoApplicationTests in 9.988 seconds (JVM running for 12.701)
[INFO] Tests run: 1, Failures: 0, Errors: 0, Skipped: 0, Time elapsed: 12.22 s - in com.example.bddspring1588818484.DemoApplicationTests
2020-05-07 02:44:51.135  INFO 62 --- [extShutdownHook] o.s.s.concurrent.ThreadPoolTaskExecutor  : Shutting down ExecutorService 'applicationTaskExecutor'
[INFO] 
[INFO] Results:
[INFO] 
[INFO] Tests run: 1, Failures: 0, Errors: 0, Skipped: 0
[INFO] 
[INFO] 
[INFO] --- maven-jar-plugin:3.1.2:jar (default-jar) @ bdd-spring-1588818484 ---
[INFO] Building jar: /workspace/source/target/bdd-spring-1588818484-0.0.0-SNAPSHOT-PR-1-1.jar
[INFO] 
[INFO] --- spring-boot-maven-plugin:2.2.6.RELEASE:repackage (repackage) @ bdd-spring-1588818484 ---
[INFO] Replacing main artifact with repackaged archive
[INFO] 
[INFO] --- maven-install-plugin:2.5.2:install (default-install) @ bdd-spring-1588818484 ---
[INFO] Installing /workspace/source/target/bdd-spring-1588818484-0.0.0-SNAPSHOT-PR-1-1.jar to /home/jenkins/.mvnrepository/com/example/bdd-spring-1588818484/0.0.0-SNAPSHOT-PR-1-1/bdd-spring-1588818484-0.0.0-SNAPSHOT-PR-1-1.jar
[INFO] Installing /workspace/source/pom.xml to /home/jenkins/.mvnrepository/com/example/bdd-spring-1588818484/0.0.0-SNAPSHOT-PR-1-1/bdd-spring-1588818484-0.0.0-SNAPSHOT-PR-1-1.pom
[INFO] ------------------------------------------------------------------------
[INFO] BUILD SUCCESS
[INFO] ------------------------------------------------------------------------
[INFO] Total time:  33.803 s
[INFO] Finished at: 2020-05-07T02:44:55Z
[INFO] ------------------------------------------------------------------------

Showing logs for build [32mcb-kubecd-bdd-spring-1588818484-rk8kj-1[0m stage [32mfrom-build-pack[0m and container [32mstep-build-skaffold-version[0m
v1.0.1

Showing logs for build [32mcb-kubecd-bdd-spring-1588818484-rk8kj-1[0m stage [32mfrom-build-pack[0m and container [32mstep-build-container-build[0m
[36mINFO[0m[0000] Resolved base name openjdk:8-jdk-slim to openjdk:8-jdk-slim 
[36mINFO[0m[0000] Using dockerignore file: /workspace/source/.dockerignore 
[36mINFO[0m[0000] Resolved base name openjdk:8-jdk-slim to openjdk:8-jdk-slim 
[36mINFO[0m[0000] Retrieving image manifest openjdk:8-jdk-slim 
ERROR: logging before flag.Parse: E0507 02:44:57.363732      10 metadata.go:142] while reading 'google-dockercfg' metadata: http status code: 404 while fetching url http://metadata.google.internal./computeMetadata/v1/instance/attributes/google-dockercfg
ERROR: logging before flag.Parse: E0507 02:44:57.366534      10 metadata.go:159] while reading 'google-dockercfg-url' metadata: http status code: 404 while fetching url http://metadata.google.internal./computeMetadata/v1/instance/attributes/google-dockercfg-url
[36mINFO[0m[0001] Retrieving image manifest openjdk:8-jdk-slim 
[36mINFO[0m[0002] Built cross stage deps: map[]                
[36mINFO[0m[0002] Retrieving image manifest openjdk:8-jdk-slim 
[36mINFO[0m[0003] Retrieving image manifest openjdk:8-jdk-slim 
[36mINFO[0m[0004] cmd: EXPOSE                                  
[36mINFO[0m[0004] Adding exposed port: 8080/tcp                
[36mINFO[0m[0004] Resolving srcs [pom.xml target/lib*]...      
end of resolve sources
[36mINFO[0m[0004] Checking for cached layer gcr.io/jenkins-x-bdd3/cache:bb0bd5ac364a4b555c7e4ff670eb77080b74d4548eba306c130c3259824d3dea... 
[36mINFO[0m[0004] No cached layer found for cmd COPY pom.xml target/lib* /opt/lib/ 
[36mINFO[0m[0004] Resolving srcs [target/*.jar]...             
end of resolve sources
[36mINFO[0m[0004] Unpacking rootfs as cmd COPY pom.xml target/lib* /opt/lib/ requires it. 
[36mINFO[0m[0012] Taking snapshot of full filesystem...        
[36mINFO[0m[0014] Resolving paths                              
[36mINFO[0m[0015] ENV PORT 8080                                
[36mINFO[0m[0015] No files changed in this command, skipping snapshotting. 
[36mINFO[0m[0015] ENV CLASSPATH /opt/lib                       
[36mINFO[0m[0015] No files changed in this command, skipping snapshotting. 
[36mINFO[0m[0015] EXPOSE 8080                                  
[36mINFO[0m[0015] cmd: EXPOSE                                  
[36mINFO[0m[0015] Adding exposed port: 8080/tcp                
[36mINFO[0m[0015] No files changed in this command, skipping snapshotting. 
[36mINFO[0m[0015] Resolving srcs [pom.xml target/lib*]...      
end of resolve sources
[36mINFO[0m[0015] COPY pom.xml target/lib* /opt/lib/           
[36mINFO[0m[0015] Resolving srcs [pom.xml target/lib*]...      
end of resolve sources
[36mINFO[0m[0015] Resolving paths                              
[36mINFO[0m[0015] Taking snapshot of files...                  
[36mINFO[0m[0015] Pushing layer gcr.io/jenkins-x-bdd3/cache:bb0bd5ac364a4b555c7e4ff670eb77080b74d4548eba306c130c3259824d3dea to cache now 
[36mINFO[0m[0015] Resolving srcs [target/*.jar]...             
end of resolve sources
[36mINFO[0m[0015] COPY target/*.jar /opt/app.jar               
[36mINFO[0m[0015] Resolving srcs [target/*.jar]...             
end of resolve sources
[36mINFO[0m[0015] Resolving paths                              
[36mINFO[0m[0015] Taking snapshot of files...                  
[36mINFO[0m[0016] WORKDIR /opt                                 
[36mINFO[0m[0016] cmd: workdir                                 
[36mINFO[0m[0016] Changed working directory to /opt            
[36mINFO[0m[0016] No files changed in this command, skipping snapshotting. 
[36mINFO[0m[0016] CMD ["java", "-XX:+UnlockExperimentalVMOptions", "-XX:+UseCGroupMemoryLimitForHeap", "-jar", "app.jar"] 
[36mINFO[0m[0016] No files changed in this command, skipping snapshotting. 
[36mINFO[0m[0016] Pushing layer gcr.io/jenkins-x-bdd3/cache:8c787b9f6bea6a5f553f5dbb20dacdef15a5deb28048b4bab3b40a2c3a5b92b4 to cache now 

Showing logs for build [32mcb-kubecd-bdd-spring-1588818484-rk8kj-1[0m stage [32mfrom-build-pack[0m and container [32mstep-postbuild-post-build[0m
no CVE provider running in the current ** namespace so skip adding image to be analysed

Showing logs for build [32mcb-kubecd-bdd-spring-1588818484-rk8kj-1[0m stage [32mfrom-build-pack[0m and container [32mstep-promote-make-preview[0m
sed -i -e "s/version:.*/version: 0.0.0-SNAPSHOT-PR-1-1/" Chart.yaml
sed -i -e "s/version:.*/version: 0.0.0-SNAPSHOT-PR-1-1/" ../*/Chart.yaml
sed -i -e "s|repository:.*|repository: gcr.io\/jenkins-x-bdd3\/bdd-spring-1588818484|" values.yaml
sed -i -e "s/tag:.*/tag: 0.0.0-SNAPSHOT-PR-1-1/" values.yaml
echo "  version: 0.0.0-SNAPSHOT-PR-1-1" >> requirements.yaml
** step helm build
WARNING: No $CHART_REPOSITORY defined so using the default value of: http://jenkins-x-chartmuseum:8080
Adding missing Helm repo: storage.googleapis.com https://storage.googleapis.com/chartmuseum.jenkins-x.io
WARNING: No secrets found on "helm/repos" due: reading the secret "helm/repos" from vault: no secret "helm/repos" not found in vault
Read credentials for https://storage.googleapis.com/chartmuseum.jenkins-x.io from vault helm/repos
Successfully added Helm repository storage.googleapis.com.
Adding missing Helm repo: jenkins-x-chartmuseum http://jenkins-x-chartmuseum:8080
WARNING: No secrets found on "helm/repos" due: reading the secret "helm/repos" from vault: no secret "helm/repos" not found in vault
Read credentials for http://jenkins-x-chartmuseum:8080 from vault helm/repos
Successfully added Helm repository jenkins-x-chartmuseum.
WARNING: No $CHART_REPOSITORY defined so using the default value of: http://jenkins-x-chartmuseum:8080
Adding missing Helm repo: chartmuseum.jenkins-x.io http://chartmuseum.jenkins-x.io
WARNING: No secrets found on "helm/repos" due: reading the secret "helm/repos" from vault: no secret "helm/repos" not found in vault
Read credentials for http://chartmuseum.jenkins-x.io from vault helm/repos
Successfully added Helm repository chartmuseum.jenkins-x.io.

Showing logs for build [32mcb-kubecd-bdd-spring-1588818484-rk8kj-1[0m stage [32mfrom-build-pack[0m and container [32mstep-promote-jx-preview[0m
Creating a preview
Created environment cb-kubecd-bdd-spring-1588818484-pr-1
Namespace **-cb-kubecd-bdd-spring-1588818484-pr-1 created 
expose:
  Annotations:
    helm.sh/hook: post-install,post-upgrade
    helm.sh/hook-delete-policy: hook-succeeded
  config:
    domain: c**d4.bdd.jenkins-x.rocks
    exposer: Ingress
    http: "true"
preview:
  image:
    repository: gcr.io/jenkins-x-bdd3/bdd-spring-1588818484
    tag: 0.0.0-SNAPSHOT-PR-1-1

Updating PipelineActivities cb-kubecd-bdd-spring-1588818484-pr-1-1 which has status Running
WARNING: preview application http://bdd-spring-1588818484.**-cb-kubecd-bdd-spring-1588818484-pr-1.c**d4.bdd.jenkins-x.rocks not available, error was Get http://bdd-spring-1588818484.**-cb-kubecd-bdd-spring-1588818484-pr-1.c**d4.bdd.jenkins-x.rocks: dial tcp: lookup bdd-spring-1588818484.**-cb-kubecd-bdd-spring-1588818484-pr-1.c**d4.bdd.jenkins-x.rocks on 10.3.240.10:53: no such host, delaying for: 1.283034974s
WARNING: preview application http://bdd-spring-1588818484.**-cb-kubecd-bdd-spring-1588818484-pr-1.c**d4.bdd.jenkins-x.rocks not available, error was Get http://bdd-spring-1588818484.**-cb-kubecd-bdd-spring-1588818484-pr-1.c**d4.bdd.jenkins-x.rocks: dial tcp: lookup bdd-spring-1588818484.**-cb-kubecd-bdd-spring-1588818484-pr-1.c**d4.bdd.jenkins-x.rocks on 10.3.240.10:53: no such host, delaying for: 956.706092ms
WARNING: preview application http://bdd-spring-1588818484.**-cb-kubecd-bdd-spring-1588818484-pr-1.c**d4.bdd.jenkins-x.rocks not available, error was Get http://bdd-spring-1588818484.**-cb-kubecd-bdd-spring-1588818484-pr-1.c**d4.bdd.jenkins-x.rocks: dial tcp: lookup bdd-spring-1588818484.**-cb-kubecd-bdd-spring-1588818484-pr-1.c**d4.bdd.jenkins-x.rocks on 10.3.240.10:53: no such host, delaying for: 1.345569468s
WARNING: preview application http://bdd-spring-1588818484.**-cb-kubecd-bdd-spring-1588818484-pr-1.c**d4.bdd.jenkins-x.rocks not available, error was Get http://bdd-spring-1588818484.**-cb-kubecd-bdd-spring-1588818484-pr-1.c**d4.bdd.jenkins-x.rocks: dial tcp: lookup bdd-spring-1588818484.**-cb-kubecd-bdd-spring-1588818484-pr-1.c**d4.bdd.jenkins-x.rocks on 10.3.240.10:53: no such host, delaying for: 4.050971572s
WARNING: preview application http://bdd-spring-1588818484.**-cb-kubecd-bdd-spring-1588818484-pr-1.c**d4.bdd.jenkins-x.rocks not available, error was Get http://bdd-spring-1588818484.**-cb-kubecd-bdd-spring-1588818484-pr-1.c**d4.bdd.jenkins-x.rocks: dial tcp: lookup bdd-spring-1588818484.**-cb-kubecd-bdd-spring-1588818484-pr-1.c**d4.bdd.jenkins-x.rocks on 10.3.240.10:53: no such host, delaying for: 2.640264778s
WARNING: preview application http://bdd-spring-1588818484.**-cb-kubecd-bdd-spring-1588818484-pr-1.c**d4.bdd.jenkins-x.rocks not available, error was Get http://bdd-spring-1588818484.**-cb-kubecd-bdd-spring-1588818484-pr-1.c**d4.bdd.jenkins-x.rocks: dial tcp: lookup bdd-spring-1588818484.**-cb-kubecd-bdd-spring-1588818484-pr-1.c**d4.bdd.jenkins-x.rocks on 10.3.240.10:53: no such host, delaying for: 7.589083593s
WARNING: preview application http://bdd-spring-1588818484.**-cb-kubecd-bdd-spring-1588818484-pr-1.c**d4.bdd.jenkins-x.rocks not available, error was Get http://bdd-spring-1588818484.**-cb-kubecd-bdd-spring-1588818484-pr-1.c**d4.bdd.jenkins-x.rocks: dial tcp: lookup bdd-spring-1588818484.**-cb-kubecd-bdd-spring-1588818484-pr-1.c**d4.bdd.jenkins-x.rocks on 10.3.240.10:53: no such host, delaying for: 6.520544564s
WARNING: preview application http://bdd-spring-1588818484.**-cb-kubecd-bdd-spring-1588818484-pr-1.c**d4.bdd.jenkins-x.rocks not available, error was Get http://bdd-spring-1588818484.**-cb-kubecd-bdd-spring-1588818484-pr-1.c**d4.bdd.jenkins-x.rocks: dial tcp: lookup bdd-spring-1588818484.**-cb-kubecd-bdd-spring-1588818484-pr-1.c**d4.bdd.jenkins-x.rocks on 10.3.240.10:53: no such host, delaying for: 10.199180659s
WARNING: preview application http://bdd-spring-1588818484.**-cb-kubecd-bdd-spring-1588818484-pr-1.c**d4.bdd.jenkins-x.rocks not available, error was Get http://bdd-spring-1588818484.**-cb-kubecd-bdd-spring-1588818484-pr-1.c**d4.bdd.jenkins-x.rocks: dial tcp: lookup bdd-spring-1588818484.**-cb-kubecd-bdd-spring-1588818484-pr-1.c**d4.bdd.jenkins-x.rocks on 10.3.240.10:53: no such host, delaying for: 37.600023335s
WARNING: preview application http://bdd-spring-1588818484.**-cb-kubecd-bdd-spring-1588818484-pr-1.c**d4.bdd.jenkins-x.rocks not available, error was Get http://bdd-spring-1588818484.**-cb-kubecd-bdd-spring-1588818484-pr-1.c**d4.bdd.jenkins-x.rocks: dial tcp: lookup bdd-spring-1588818484.**-cb-kubecd-bdd-spring-1588818484-pr-1.c**d4.bdd.jenkins-x.rocks on 10.3.240.10:53: no such host, delaying for: 35.856053632s
WARNING: preview application http://bdd-spring-1588818484.**-cb-kubecd-bdd-spring-1588818484-pr-1.c**d4.bdd.jenkins-x.rocks not available, error was Get http://bdd-spring-1588818484.**-cb-kubecd-bdd-spring-1588818484-pr-1.c**d4.bdd.jenkins-x.rocks: dial tcp: lookup bdd-spring-1588818484.**-cb-kubecd-bdd-spring-1588818484-pr-1.c**d4.bdd.jenkins-x.rocks on 10.3.240.10:53: no such host, delaying for: 29.275456602s
WARNING: preview application http://bdd-spring-1588818484.**-cb-kubecd-bdd-spring-1588818484-pr-1.c**d4.bdd.jenkins-x.rocks not available, error was Get http://bdd-spring-1588818484.**-cb-kubecd-bdd-spring-1588818484-pr-1.c**d4.bdd.jenkins-x.rocks: dial tcp: lookup bdd-spring-1588818484.**-cb-kubecd-bdd-spring-1588818484-pr-1.c**d4.bdd.jenkins-x.rocks on 10.3.240.10:53: no such host, delaying for: 1m4.701075416s
Preview application is now available at: http://bdd-spring-1588818484.**-cb-kubecd-bdd-spring-1588818484-pr-1.c**d4.bdd.jenkins-x.rocks
